
*** Running vivado
    with args -log design_1_axi_dma_0_0.vds -m64 -product Vivado -mode batch -messageDb vivado.pb -notrace -source design_1_axi_dma_0_0.tcl


****** Vivado v2017.2 (64-bit)
  **** SW Build 1909853 on Thu Jun 15 18:39:10 MDT 2017
  **** IP Build 1909766 on Thu Jun 15 19:58:00 MDT 2017
    ** Copyright 1986-2017 Xilinx, Inc. All Rights Reserved.

source design_1_axi_dma_0_0.tcl -notrace
Starting RTL Elaboration : Time (s): cpu = 00:00:07 ; elapsed = 00:00:07 . Memory (MB): peak = 1327.578 ; gain = 76.941 ; free physical = 8640 ; free virtual = 298256
INFO: [Synth 8-638] synthesizing module 'design_1_axi_dma_0_0' [/local/cortesio/projekte/berry_design/berry_design.srcs/sources_1/bd/design_1/ip/design_1_axi_dma_0_0/synth/design_1_axi_dma_0_0.vhd:128]
INFO: [Synth 8-638] synthesizing module 'axi_dma' [/local/cortesio/projekte/berry_design/berry_design.srcs/sources_1/bd/design_1/ipshared/bb0b/hdl/axi_dma_v7_1_vh_rfs.vhd:21830]
INFO: [Synth 8-638] synthesizing module 'axi_dma_rst_module' [/local/cortesio/projekte/berry_design/berry_design.srcs/sources_1/bd/design_1/ipshared/bb0b/hdl/axi_dma_v7_1_vh_rfs.vhd:1595]
INFO: [Synth 8-638] synthesizing module 'cdc_sync' [/local/cortesio/projekte/berry_design/berry_design.srcs/sources_1/bd/design_1/ipshared/52cb/hdl/lib_cdc_v1_0_rfs.vhd:106]
INFO: [Synth 8-256] done synthesizing module 'cdc_sync' (1#1) [/local/cortesio/projekte/berry_design/berry_design.srcs/sources_1/bd/design_1/ipshared/52cb/hdl/lib_cdc_v1_0_rfs.vhd:106]
INFO: [Synth 8-638] synthesizing module 'axi_dma_reset' [/local/cortesio/projekte/berry_design/berry_design.srcs/sources_1/bd/design_1/ipshared/bb0b/hdl/axi_dma_v7_1_vh_rfs.vhd:603]
INFO: [Synth 8-256] done synthesizing module 'axi_dma_reset' (2#1) [/local/cortesio/projekte/berry_design/berry_design.srcs/sources_1/bd/design_1/ipshared/bb0b/hdl/axi_dma_v7_1_vh_rfs.vhd:603]
INFO: [Synth 8-256] done synthesizing module 'axi_dma_rst_module' (3#1) [/local/cortesio/projekte/berry_design/berry_design.srcs/sources_1/bd/design_1/ipshared/bb0b/hdl/axi_dma_v7_1_vh_rfs.vhd:1595]
INFO: [Synth 8-638] synthesizing module 'axi_dma_reg_module' [/local/cortesio/projekte/berry_design/berry_design.srcs/sources_1/bd/design_1/ipshared/bb0b/hdl/axi_dma_v7_1_vh_rfs.vhd:8254]
INFO: [Synth 8-638] synthesizing module 'axi_dma_lite_if' [/local/cortesio/projekte/berry_design/berry_design.srcs/sources_1/bd/design_1/ipshared/bb0b/hdl/axi_dma_v7_1_vh_rfs.vhd:2066]
INFO: [Synth 8-256] done synthesizing module 'axi_dma_lite_if' (4#1) [/local/cortesio/projekte/berry_design/berry_design.srcs/sources_1/bd/design_1/ipshared/bb0b/hdl/axi_dma_v7_1_vh_rfs.vhd:2066]
INFO: [Synth 8-638] synthesizing module 'axi_dma_register' [/local/cortesio/projekte/berry_design/berry_design.srcs/sources_1/bd/design_1/ipshared/bb0b/hdl/axi_dma_v7_1_vh_rfs.vhd:3604]
INFO: [Synth 8-256] done synthesizing module 'axi_dma_register' (5#1) [/local/cortesio/projekte/berry_design/berry_design.srcs/sources_1/bd/design_1/ipshared/bb0b/hdl/axi_dma_v7_1_vh_rfs.vhd:3604]
INFO: [Synth 8-638] synthesizing module 'axi_dma_register_s2mm' [/local/cortesio/projekte/berry_design/berry_design.srcs/sources_1/bd/design_1/ipshared/bb0b/hdl/axi_dma_v7_1_vh_rfs.vhd:4837]
INFO: [Synth 8-256] done synthesizing module 'axi_dma_register_s2mm' (6#1) [/local/cortesio/projekte/berry_design/berry_design.srcs/sources_1/bd/design_1/ipshared/bb0b/hdl/axi_dma_v7_1_vh_rfs.vhd:4837]
INFO: [Synth 8-256] done synthesizing module 'axi_dma_reg_module' (7#1) [/local/cortesio/projekte/berry_design/berry_design.srcs/sources_1/bd/design_1/ipshared/bb0b/hdl/axi_dma_v7_1_vh_rfs.vhd:8254]
INFO: [Synth 8-638] synthesizing module 'axi_dma_mm2s_mngr' [/local/cortesio/projekte/berry_design/berry_design.srcs/sources_1/bd/design_1/ipshared/bb0b/hdl/axi_dma_v7_1_vh_rfs.vhd:14884]
INFO: [Synth 8-638] synthesizing module 'axi_dma_smple_sm' [/local/cortesio/projekte/berry_design/berry_design.srcs/sources_1/bd/design_1/ipshared/bb0b/hdl/axi_dma_v7_1_vh_rfs.vhd:11685]
INFO: [Synth 8-256] done synthesizing module 'axi_dma_smple_sm' (8#1) [/local/cortesio/projekte/berry_design/berry_design.srcs/sources_1/bd/design_1/ipshared/bb0b/hdl/axi_dma_v7_1_vh_rfs.vhd:11685]
INFO: [Synth 8-638] synthesizing module 'axi_dma_mm2s_cmdsts_if' [/local/cortesio/projekte/berry_design/berry_design.srcs/sources_1/bd/design_1/ipshared/bb0b/hdl/axi_dma_v7_1_vh_rfs.vhd:13668]
INFO: [Synth 8-256] done synthesizing module 'axi_dma_mm2s_cmdsts_if' (9#1) [/local/cortesio/projekte/berry_design/berry_design.srcs/sources_1/bd/design_1/ipshared/bb0b/hdl/axi_dma_v7_1_vh_rfs.vhd:13668]
INFO: [Synth 8-638] synthesizing module 'axi_dma_mm2s_sts_mngr' [/local/cortesio/projekte/berry_design/berry_design.srcs/sources_1/bd/design_1/ipshared/bb0b/hdl/axi_dma_v7_1_vh_rfs.vhd:13983]
INFO: [Synth 8-256] done synthesizing module 'axi_dma_mm2s_sts_mngr' (10#1) [/local/cortesio/projekte/berry_design/berry_design.srcs/sources_1/bd/design_1/ipshared/bb0b/hdl/axi_dma_v7_1_vh_rfs.vhd:13983]
INFO: [Synth 8-256] done synthesizing module 'axi_dma_mm2s_mngr' (11#1) [/local/cortesio/projekte/berry_design/berry_design.srcs/sources_1/bd/design_1/ipshared/bb0b/hdl/axi_dma_v7_1_vh_rfs.vhd:14884]
INFO: [Synth 8-638] synthesizing module 'axi_dma_sofeof_gen' [/local/cortesio/projekte/berry_design/berry_design.srcs/sources_1/bd/design_1/ipshared/bb0b/hdl/axi_dma_v7_1_vh_rfs.vhd:11155]
INFO: [Synth 8-256] done synthesizing module 'axi_dma_sofeof_gen' (12#1) [/local/cortesio/projekte/berry_design/berry_design.srcs/sources_1/bd/design_1/ipshared/bb0b/hdl/axi_dma_v7_1_vh_rfs.vhd:11155]
INFO: [Synth 8-638] synthesizing module 'axi_dma_s2mm_mngr' [/local/cortesio/projekte/berry_design/berry_design.srcs/sources_1/bd/design_1/ipshared/bb0b/hdl/axi_dma_v7_1_vh_rfs.vhd:20222]
INFO: [Synth 8-638] synthesizing module 'axi_dma_s2mm_cmdsts_if' [/local/cortesio/projekte/berry_design/berry_design.srcs/sources_1/bd/design_1/ipshared/bb0b/hdl/axi_dma_v7_1_vh_rfs.vhd:18487]
INFO: [Synth 8-256] done synthesizing module 'axi_dma_s2mm_cmdsts_if' (13#1) [/local/cortesio/projekte/berry_design/berry_design.srcs/sources_1/bd/design_1/ipshared/bb0b/hdl/axi_dma_v7_1_vh_rfs.vhd:18487]
INFO: [Synth 8-638] synthesizing module 'axi_dma_s2mm_sts_mngr' [/local/cortesio/projekte/berry_design/berry_design.srcs/sources_1/bd/design_1/ipshared/bb0b/hdl/axi_dma_v7_1_vh_rfs.vhd:18917]
INFO: [Synth 8-256] done synthesizing module 'axi_dma_s2mm_sts_mngr' (14#1) [/local/cortesio/projekte/berry_design/berry_design.srcs/sources_1/bd/design_1/ipshared/bb0b/hdl/axi_dma_v7_1_vh_rfs.vhd:18917]
INFO: [Synth 8-256] done synthesizing module 'axi_dma_s2mm_mngr' (15#1) [/local/cortesio/projekte/berry_design/berry_design.srcs/sources_1/bd/design_1/ipshared/bb0b/hdl/axi_dma_v7_1_vh_rfs.vhd:20222]
INFO: [Synth 8-638] synthesizing module 'axi_datamover' [/local/cortesio/projekte/berry_design/berry_design.srcs/sources_1/bd/design_1/ipshared/43a6/hdl/axi_datamover_v5_1_vh_rfs.vhd:55410]
INFO: [Synth 8-638] synthesizing module 'axi_datamover_mm2s_full_wrap' [/local/cortesio/projekte/berry_design/berry_design.srcs/sources_1/bd/design_1/ipshared/43a6/hdl/axi_datamover_v5_1_vh_rfs.vhd:53548]
INFO: [Synth 8-638] synthesizing module 'axi_datamover_reset' [/local/cortesio/projekte/berry_design/berry_design.srcs/sources_1/bd/design_1/ipshared/43a6/hdl/axi_datamover_v5_1_vh_rfs.vhd:153]
INFO: [Synth 8-256] done synthesizing module 'axi_datamover_reset' (16#1) [/local/cortesio/projekte/berry_design/berry_design.srcs/sources_1/bd/design_1/ipshared/43a6/hdl/axi_datamover_v5_1_vh_rfs.vhd:153]
INFO: [Synth 8-638] synthesizing module 'axi_datamover_cmd_status' [/local/cortesio/projekte/berry_design/berry_design.srcs/sources_1/bd/design_1/ipshared/43a6/hdl/axi_datamover_v5_1_vh_rfs.vhd:2693]
INFO: [Synth 8-638] synthesizing module 'axi_datamover_fifo' [/local/cortesio/projekte/berry_design/berry_design.srcs/sources_1/bd/design_1/ipshared/43a6/hdl/axi_datamover_v5_1_vh_rfs.vhd:1881]
INFO: [Synth 8-256] done synthesizing module 'axi_datamover_fifo' (17#1) [/local/cortesio/projekte/berry_design/berry_design.srcs/sources_1/bd/design_1/ipshared/43a6/hdl/axi_datamover_v5_1_vh_rfs.vhd:1881]
INFO: [Synth 8-638] synthesizing module 'axi_datamover_fifo__parameterized0' [/local/cortesio/projekte/berry_design/berry_design.srcs/sources_1/bd/design_1/ipshared/43a6/hdl/axi_datamover_v5_1_vh_rfs.vhd:1881]
INFO: [Synth 8-256] done synthesizing module 'axi_datamover_fifo__parameterized0' (17#1) [/local/cortesio/projekte/berry_design/berry_design.srcs/sources_1/bd/design_1/ipshared/43a6/hdl/axi_datamover_v5_1_vh_rfs.vhd:1881]
INFO: [Synth 8-256] done synthesizing module 'axi_datamover_cmd_status' (18#1) [/local/cortesio/projekte/berry_design/berry_design.srcs/sources_1/bd/design_1/ipshared/43a6/hdl/axi_datamover_v5_1_vh_rfs.vhd:2693]
INFO: [Synth 8-638] synthesizing module 'axi_datamover_rd_status_cntl' [/local/cortesio/projekte/berry_design/berry_design.srcs/sources_1/bd/design_1/ipshared/43a6/hdl/axi_datamover_v5_1_vh_rfs.vhd:13741]
INFO: [Synth 8-256] done synthesizing module 'axi_datamover_rd_status_cntl' (19#1) [/local/cortesio/projekte/berry_design/berry_design.srcs/sources_1/bd/design_1/ipshared/43a6/hdl/axi_datamover_v5_1_vh_rfs.vhd:13741]
INFO: [Synth 8-638] synthesizing module 'axi_datamover_pcc' [/local/cortesio/projekte/berry_design/berry_design.srcs/sources_1/bd/design_1/ipshared/43a6/hdl/axi_datamover_v5_1_vh_rfs.vhd:7411]
INFO: [Synth 8-638] synthesizing module 'axi_datamover_strb_gen2' [/local/cortesio/projekte/berry_design/berry_design.srcs/sources_1/bd/design_1/ipshared/43a6/hdl/axi_datamover_v5_1_vh_rfs.vhd:4337]
INFO: [Synth 8-256] done synthesizing module 'axi_datamover_strb_gen2' (20#1) [/local/cortesio/projekte/berry_design/berry_design.srcs/sources_1/bd/design_1/ipshared/43a6/hdl/axi_datamover_v5_1_vh_rfs.vhd:4337]
INFO: [Synth 8-638] synthesizing module 'axi_datamover_strb_gen2__parameterized0' [/local/cortesio/projekte/berry_design/berry_design.srcs/sources_1/bd/design_1/ipshared/43a6/hdl/axi_datamover_v5_1_vh_rfs.vhd:4337]
INFO: [Synth 8-256] done synthesizing module 'axi_datamover_strb_gen2__parameterized0' (20#1) [/local/cortesio/projekte/berry_design/berry_design.srcs/sources_1/bd/design_1/ipshared/43a6/hdl/axi_datamover_v5_1_vh_rfs.vhd:4337]
INFO: [Synth 8-256] done synthesizing module 'axi_datamover_pcc' (21#1) [/local/cortesio/projekte/berry_design/berry_design.srcs/sources_1/bd/design_1/ipshared/43a6/hdl/axi_datamover_v5_1_vh_rfs.vhd:7411]
INFO: [Synth 8-638] synthesizing module 'axi_datamover_addr_cntl' [/local/cortesio/projekte/berry_design/berry_design.srcs/sources_1/bd/design_1/ipshared/43a6/hdl/axi_datamover_v5_1_vh_rfs.vhd:9995]
INFO: [Synth 8-638] synthesizing module 'axi_datamover_fifo__parameterized1' [/local/cortesio/projekte/berry_design/berry_design.srcs/sources_1/bd/design_1/ipshared/43a6/hdl/axi_datamover_v5_1_vh_rfs.vhd:1881]
INFO: [Synth 8-638] synthesizing module 'srl_fifo_f' [/local/cortesio/projekte/berry_design/berry_design.srcs/sources_1/bd/design_1/ipshared/6039/hdl/lib_srl_fifo_v1_0_rfs.vhd:1000]
INFO: [Synth 8-638] synthesizing module 'srl_fifo_rbu_f' [/local/cortesio/projekte/berry_design/berry_design.srcs/sources_1/bd/design_1/ipshared/6039/hdl/lib_srl_fifo_v1_0_rfs.vhd:697]
INFO: [Synth 8-638] synthesizing module 'cntr_incr_decr_addn_f' [/local/cortesio/projekte/berry_design/berry_design.srcs/sources_1/bd/design_1/ipshared/6039/hdl/lib_srl_fifo_v1_0_rfs.vhd:143]
INFO: [Synth 8-256] done synthesizing module 'cntr_incr_decr_addn_f' (22#1) [/local/cortesio/projekte/berry_design/berry_design.srcs/sources_1/bd/design_1/ipshared/6039/hdl/lib_srl_fifo_v1_0_rfs.vhd:143]
INFO: [Synth 8-638] synthesizing module 'dynshreg_f' [/local/cortesio/projekte/berry_design/berry_design.srcs/sources_1/bd/design_1/ipshared/6039/hdl/lib_srl_fifo_v1_0_rfs.vhd:397]
INFO: [Synth 8-256] done synthesizing module 'dynshreg_f' (23#1) [/local/cortesio/projekte/berry_design/berry_design.srcs/sources_1/bd/design_1/ipshared/6039/hdl/lib_srl_fifo_v1_0_rfs.vhd:397]
INFO: [Synth 8-256] done synthesizing module 'srl_fifo_rbu_f' (24#1) [/local/cortesio/projekte/berry_design/berry_design.srcs/sources_1/bd/design_1/ipshared/6039/hdl/lib_srl_fifo_v1_0_rfs.vhd:697]
INFO: [Synth 8-256] done synthesizing module 'srl_fifo_f' (25#1) [/local/cortesio/projekte/berry_design/berry_design.srcs/sources_1/bd/design_1/ipshared/6039/hdl/lib_srl_fifo_v1_0_rfs.vhd:1000]
INFO: [Synth 8-256] done synthesizing module 'axi_datamover_fifo__parameterized1' (25#1) [/local/cortesio/projekte/berry_design/berry_design.srcs/sources_1/bd/design_1/ipshared/43a6/hdl/axi_datamover_v5_1_vh_rfs.vhd:1881]
INFO: [Synth 8-256] done synthesizing module 'axi_datamover_addr_cntl' (26#1) [/local/cortesio/projekte/berry_design/berry_design.srcs/sources_1/bd/design_1/ipshared/43a6/hdl/axi_datamover_v5_1_vh_rfs.vhd:9995]
INFO: [Synth 8-638] synthesizing module 'axi_datamover_rddata_cntl' [/local/cortesio/projekte/berry_design/berry_design.srcs/sources_1/bd/design_1/ipshared/43a6/hdl/axi_datamover_v5_1_vh_rfs.vhd:12180]
INFO: [Synth 8-638] synthesizing module 'axi_datamover_rdmux' [/local/cortesio/projekte/berry_design/berry_design.srcs/sources_1/bd/design_1/ipshared/43a6/hdl/axi_datamover_v5_1_vh_rfs.vhd:10676]
INFO: [Synth 8-256] done synthesizing module 'axi_datamover_rdmux' (27#1) [/local/cortesio/projekte/berry_design/berry_design.srcs/sources_1/bd/design_1/ipshared/43a6/hdl/axi_datamover_v5_1_vh_rfs.vhd:10676]
INFO: [Synth 8-638] synthesizing module 'axi_datamover_fifo__parameterized2' [/local/cortesio/projekte/berry_design/berry_design.srcs/sources_1/bd/design_1/ipshared/43a6/hdl/axi_datamover_v5_1_vh_rfs.vhd:1881]
INFO: [Synth 8-638] synthesizing module 'srl_fifo_f__parameterized0' [/local/cortesio/projekte/berry_design/berry_design.srcs/sources_1/bd/design_1/ipshared/6039/hdl/lib_srl_fifo_v1_0_rfs.vhd:1000]
INFO: [Synth 8-638] synthesizing module 'srl_fifo_rbu_f__parameterized0' [/local/cortesio/projekte/berry_design/berry_design.srcs/sources_1/bd/design_1/ipshared/6039/hdl/lib_srl_fifo_v1_0_rfs.vhd:697]
INFO: [Synth 8-638] synthesizing module 'dynshreg_f__parameterized0' [/local/cortesio/projekte/berry_design/berry_design.srcs/sources_1/bd/design_1/ipshared/6039/hdl/lib_srl_fifo_v1_0_rfs.vhd:397]
INFO: [Synth 8-256] done synthesizing module 'dynshreg_f__parameterized0' (27#1) [/local/cortesio/projekte/berry_design/berry_design.srcs/sources_1/bd/design_1/ipshared/6039/hdl/lib_srl_fifo_v1_0_rfs.vhd:397]
INFO: [Synth 8-256] done synthesizing module 'srl_fifo_rbu_f__parameterized0' (27#1) [/local/cortesio/projekte/berry_design/berry_design.srcs/sources_1/bd/design_1/ipshared/6039/hdl/lib_srl_fifo_v1_0_rfs.vhd:697]
INFO: [Synth 8-256] done synthesizing module 'srl_fifo_f__parameterized0' (27#1) [/local/cortesio/projekte/berry_design/berry_design.srcs/sources_1/bd/design_1/ipshared/6039/hdl/lib_srl_fifo_v1_0_rfs.vhd:1000]
INFO: [Synth 8-256] done synthesizing module 'axi_datamover_fifo__parameterized2' (27#1) [/local/cortesio/projekte/berry_design/berry_design.srcs/sources_1/bd/design_1/ipshared/43a6/hdl/axi_datamover_v5_1_vh_rfs.vhd:1881]
INFO: [Synth 8-256] done synthesizing module 'axi_datamover_rddata_cntl' (28#1) [/local/cortesio/projekte/berry_design/berry_design.srcs/sources_1/bd/design_1/ipshared/43a6/hdl/axi_datamover_v5_1_vh_rfs.vhd:12180]
INFO: [Synth 8-638] synthesizing module 'axi_datamover_rd_sf' [/local/cortesio/projekte/berry_design/berry_design.srcs/sources_1/bd/design_1/ipshared/43a6/hdl/axi_datamover_v5_1_vh_rfs.vhd:20200]
INFO: [Synth 8-638] synthesizing module 'axi_datamover_fifo__parameterized3' [/local/cortesio/projekte/berry_design/berry_design.srcs/sources_1/bd/design_1/ipshared/43a6/hdl/axi_datamover_v5_1_vh_rfs.vhd:1881]
INFO: [Synth 8-638] synthesizing module 'srl_fifo_f__parameterized1' [/local/cortesio/projekte/berry_design/berry_design.srcs/sources_1/bd/design_1/ipshared/6039/hdl/lib_srl_fifo_v1_0_rfs.vhd:1000]
INFO: [Synth 8-638] synthesizing module 'srl_fifo_rbu_f__parameterized1' [/local/cortesio/projekte/berry_design/berry_design.srcs/sources_1/bd/design_1/ipshared/6039/hdl/lib_srl_fifo_v1_0_rfs.vhd:697]
INFO: [Synth 8-638] synthesizing module 'dynshreg_f__parameterized1' [/local/cortesio/projekte/berry_design/berry_design.srcs/sources_1/bd/design_1/ipshared/6039/hdl/lib_srl_fifo_v1_0_rfs.vhd:397]
INFO: [Synth 8-256] done synthesizing module 'dynshreg_f__parameterized1' (28#1) [/local/cortesio/projekte/berry_design/berry_design.srcs/sources_1/bd/design_1/ipshared/6039/hdl/lib_srl_fifo_v1_0_rfs.vhd:397]
INFO: [Synth 8-256] done synthesizing module 'srl_fifo_rbu_f__parameterized1' (28#1) [/local/cortesio/projekte/berry_design/berry_design.srcs/sources_1/bd/design_1/ipshared/6039/hdl/lib_srl_fifo_v1_0_rfs.vhd:697]
INFO: [Synth 8-256] done synthesizing module 'srl_fifo_f__parameterized1' (28#1) [/local/cortesio/projekte/berry_design/berry_design.srcs/sources_1/bd/design_1/ipshared/6039/hdl/lib_srl_fifo_v1_0_rfs.vhd:1000]
INFO: [Synth 8-256] done synthesizing module 'axi_datamover_fifo__parameterized3' (28#1) [/local/cortesio/projekte/berry_design/berry_design.srcs/sources_1/bd/design_1/ipshared/43a6/hdl/axi_datamover_v5_1_vh_rfs.vhd:1881]
INFO: [Synth 8-638] synthesizing module 'axi_datamover_sfifo_autord' [/local/cortesio/projekte/berry_design/berry_design.srcs/sources_1/bd/design_1/ipshared/43a6/hdl/axi_datamover_v5_1_vh_rfs.vhd:1294]
INFO: [Synth 8-638] synthesizing module 'sync_fifo_fg' [/local/cortesio/projekte/berry_design/berry_design.srcs/sources_1/bd/design_1/ipshared/c387/hdl/lib_fifo_v1_0_rfs.vhd:2097]
INFO: [Synth 8-256] done synthesizing module 'sync_fifo_fg' (57#1) [/local/cortesio/projekte/berry_design/berry_design.srcs/sources_1/bd/design_1/ipshared/c387/hdl/lib_fifo_v1_0_rfs.vhd:2097]
INFO: [Synth 8-256] done synthesizing module 'axi_datamover_sfifo_autord' (58#1) [/local/cortesio/projekte/berry_design/berry_design.srcs/sources_1/bd/design_1/ipshared/43a6/hdl/axi_datamover_v5_1_vh_rfs.vhd:1294]
INFO: [Synth 8-256] done synthesizing module 'axi_datamover_rd_sf' (59#1) [/local/cortesio/projekte/berry_design/berry_design.srcs/sources_1/bd/design_1/ipshared/43a6/hdl/axi_datamover_v5_1_vh_rfs.vhd:20200]
INFO: [Synth 8-638] synthesizing module 'axi_datamover_skid_buf' [/local/cortesio/projekte/berry_design/berry_design.srcs/sources_1/bd/design_1/ipshared/43a6/hdl/axi_datamover_v5_1_vh_rfs.vhd:19492]
INFO: [Synth 8-256] done synthesizing module 'axi_datamover_skid_buf' (60#1) [/local/cortesio/projekte/berry_design/berry_design.srcs/sources_1/bd/design_1/ipshared/43a6/hdl/axi_datamover_v5_1_vh_rfs.vhd:19492]
INFO: [Synth 8-256] done synthesizing module 'axi_datamover_mm2s_full_wrap' (61#1) [/local/cortesio/projekte/berry_design/berry_design.srcs/sources_1/bd/design_1/ipshared/43a6/hdl/axi_datamover_v5_1_vh_rfs.vhd:53548]
INFO: [Synth 8-638] synthesizing module 'axi_datamover_s2mm_full_wrap' [/local/cortesio/projekte/berry_design/berry_design.srcs/sources_1/bd/design_1/ipshared/43a6/hdl/axi_datamover_v5_1_vh_rfs.vhd:49982]
INFO: [Synth 8-638] synthesizing module 'axi_datamover_cmd_status__parameterized0' [/local/cortesio/projekte/berry_design/berry_design.srcs/sources_1/bd/design_1/ipshared/43a6/hdl/axi_datamover_v5_1_vh_rfs.vhd:2693]
INFO: [Synth 8-638] synthesizing module 'axi_datamover_fifo__parameterized4' [/local/cortesio/projekte/berry_design/berry_design.srcs/sources_1/bd/design_1/ipshared/43a6/hdl/axi_datamover_v5_1_vh_rfs.vhd:1881]
INFO: [Synth 8-256] done synthesizing module 'axi_datamover_fifo__parameterized4' (61#1) [/local/cortesio/projekte/berry_design/berry_design.srcs/sources_1/bd/design_1/ipshared/43a6/hdl/axi_datamover_v5_1_vh_rfs.vhd:1881]
INFO: [Synth 8-256] done synthesizing module 'axi_datamover_cmd_status__parameterized0' (61#1) [/local/cortesio/projekte/berry_design/berry_design.srcs/sources_1/bd/design_1/ipshared/43a6/hdl/axi_datamover_v5_1_vh_rfs.vhd:2693]
INFO: [Synth 8-638] synthesizing module 'axi_datamover_wr_status_cntl' [/local/cortesio/projekte/berry_design/berry_design.srcs/sources_1/bd/design_1/ipshared/43a6/hdl/axi_datamover_v5_1_vh_rfs.vhd:17697]
INFO: [Synth 8-638] synthesizing module 'axi_datamover_fifo__parameterized5' [/local/cortesio/projekte/berry_design/berry_design.srcs/sources_1/bd/design_1/ipshared/43a6/hdl/axi_datamover_v5_1_vh_rfs.vhd:1881]
INFO: [Synth 8-638] synthesizing module 'srl_fifo_f__parameterized2' [/local/cortesio/projekte/berry_design/berry_design.srcs/sources_1/bd/design_1/ipshared/6039/hdl/lib_srl_fifo_v1_0_rfs.vhd:1000]
INFO: [Synth 8-638] synthesizing module 'srl_fifo_rbu_f__parameterized2' [/local/cortesio/projekte/berry_design/berry_design.srcs/sources_1/bd/design_1/ipshared/6039/hdl/lib_srl_fifo_v1_0_rfs.vhd:697]
INFO: [Synth 8-638] synthesizing module 'cntr_incr_decr_addn_f__parameterized0' [/local/cortesio/projekte/berry_design/berry_design.srcs/sources_1/bd/design_1/ipshared/6039/hdl/lib_srl_fifo_v1_0_rfs.vhd:143]
INFO: [Synth 8-256] done synthesizing module 'cntr_incr_decr_addn_f__parameterized0' (61#1) [/local/cortesio/projekte/berry_design/berry_design.srcs/sources_1/bd/design_1/ipshared/6039/hdl/lib_srl_fifo_v1_0_rfs.vhd:143]
INFO: [Synth 8-638] synthesizing module 'dynshreg_f__parameterized2' [/local/cortesio/projekte/berry_design/berry_design.srcs/sources_1/bd/design_1/ipshared/6039/hdl/lib_srl_fifo_v1_0_rfs.vhd:397]
INFO: [Synth 8-256] done synthesizing module 'dynshreg_f__parameterized2' (61#1) [/local/cortesio/projekte/berry_design/berry_design.srcs/sources_1/bd/design_1/ipshared/6039/hdl/lib_srl_fifo_v1_0_rfs.vhd:397]
INFO: [Synth 8-256] done synthesizing module 'srl_fifo_rbu_f__parameterized2' (61#1) [/local/cortesio/projekte/berry_design/berry_design.srcs/sources_1/bd/design_1/ipshared/6039/hdl/lib_srl_fifo_v1_0_rfs.vhd:697]
INFO: [Synth 8-256] done synthesizing module 'srl_fifo_f__parameterized2' (61#1) [/local/cortesio/projekte/berry_design/berry_design.srcs/sources_1/bd/design_1/ipshared/6039/hdl/lib_srl_fifo_v1_0_rfs.vhd:1000]
INFO: [Synth 8-256] done synthesizing module 'axi_datamover_fifo__parameterized5' (61#1) [/local/cortesio/projekte/berry_design/berry_design.srcs/sources_1/bd/design_1/ipshared/43a6/hdl/axi_datamover_v5_1_vh_rfs.vhd:1881]
INFO: [Synth 8-638] synthesizing module 'axi_datamover_fifo__parameterized6' [/local/cortesio/projekte/berry_design/berry_design.srcs/sources_1/bd/design_1/ipshared/43a6/hdl/axi_datamover_v5_1_vh_rfs.vhd:1881]
INFO: [Synth 8-638] synthesizing module 'srl_fifo_f__parameterized3' [/local/cortesio/projekte/berry_design/berry_design.srcs/sources_1/bd/design_1/ipshared/6039/hdl/lib_srl_fifo_v1_0_rfs.vhd:1000]
INFO: [Synth 8-638] synthesizing module 'srl_fifo_rbu_f__parameterized3' [/local/cortesio/projekte/berry_design/berry_design.srcs/sources_1/bd/design_1/ipshared/6039/hdl/lib_srl_fifo_v1_0_rfs.vhd:697]
INFO: [Synth 8-638] synthesizing module 'dynshreg_f__parameterized3' [/local/cortesio/projekte/berry_design/berry_design.srcs/sources_1/bd/design_1/ipshared/6039/hdl/lib_srl_fifo_v1_0_rfs.vhd:397]
INFO: [Synth 8-256] done synthesizing module 'dynshreg_f__parameterized3' (61#1) [/local/cortesio/projekte/berry_design/berry_design.srcs/sources_1/bd/design_1/ipshared/6039/hdl/lib_srl_fifo_v1_0_rfs.vhd:397]
INFO: [Synth 8-256] done synthesizing module 'srl_fifo_rbu_f__parameterized3' (61#1) [/local/cortesio/projekte/berry_design/berry_design.srcs/sources_1/bd/design_1/ipshared/6039/hdl/lib_srl_fifo_v1_0_rfs.vhd:697]
INFO: [Synth 8-256] done synthesizing module 'srl_fifo_f__parameterized3' (61#1) [/local/cortesio/projekte/berry_design/berry_design.srcs/sources_1/bd/design_1/ipshared/6039/hdl/lib_srl_fifo_v1_0_rfs.vhd:1000]
INFO: [Synth 8-256] done synthesizing module 'axi_datamover_fifo__parameterized6' (61#1) [/local/cortesio/projekte/berry_design/berry_design.srcs/sources_1/bd/design_1/ipshared/43a6/hdl/axi_datamover_v5_1_vh_rfs.vhd:1881]
INFO: [Synth 8-256] done synthesizing module 'axi_datamover_wr_status_cntl' (62#1) [/local/cortesio/projekte/berry_design/berry_design.srcs/sources_1/bd/design_1/ipshared/43a6/hdl/axi_datamover_v5_1_vh_rfs.vhd:17697]
INFO: [Synth 8-638] synthesizing module 'axi_datamover_ibttcc' [/local/cortesio/projekte/berry_design/berry_design.srcs/sources_1/bd/design_1/ipshared/43a6/hdl/axi_datamover_v5_1_vh_rfs.vhd:25723]
INFO: [Synth 8-256] done synthesizing module 'axi_datamover_ibttcc' (63#1) [/local/cortesio/projekte/berry_design/berry_design.srcs/sources_1/bd/design_1/ipshared/43a6/hdl/axi_datamover_v5_1_vh_rfs.vhd:25723]
INFO: [Synth 8-638] synthesizing module 'axi_datamover_s2mm_realign' [/local/cortesio/projekte/berry_design/berry_design.srcs/sources_1/bd/design_1/ipshared/43a6/hdl/axi_datamover_v5_1_vh_rfs.vhd:46998]
INFO: [Synth 8-638] synthesizing module 'axi_datamover_fifo__parameterized7' [/local/cortesio/projekte/berry_design/berry_design.srcs/sources_1/bd/design_1/ipshared/43a6/hdl/axi_datamover_v5_1_vh_rfs.vhd:1881]
INFO: [Synth 8-638] synthesizing module 'srl_fifo_f__parameterized4' [/local/cortesio/projekte/berry_design/berry_design.srcs/sources_1/bd/design_1/ipshared/6039/hdl/lib_srl_fifo_v1_0_rfs.vhd:1000]
INFO: [Synth 8-638] synthesizing module 'srl_fifo_rbu_f__parameterized4' [/local/cortesio/projekte/berry_design/berry_design.srcs/sources_1/bd/design_1/ipshared/6039/hdl/lib_srl_fifo_v1_0_rfs.vhd:697]
INFO: [Synth 8-638] synthesizing module 'dynshreg_f__parameterized4' [/local/cortesio/projekte/berry_design/berry_design.srcs/sources_1/bd/design_1/ipshared/6039/hdl/lib_srl_fifo_v1_0_rfs.vhd:397]
INFO: [Synth 8-256] done synthesizing module 'dynshreg_f__parameterized4' (63#1) [/local/cortesio/projekte/berry_design/berry_design.srcs/sources_1/bd/design_1/ipshared/6039/hdl/lib_srl_fifo_v1_0_rfs.vhd:397]
INFO: [Synth 8-256] done synthesizing module 'srl_fifo_rbu_f__parameterized4' (63#1) [/local/cortesio/projekte/berry_design/berry_design.srcs/sources_1/bd/design_1/ipshared/6039/hdl/lib_srl_fifo_v1_0_rfs.vhd:697]
INFO: [Synth 8-256] done synthesizing module 'srl_fifo_f__parameterized4' (63#1) [/local/cortesio/projekte/berry_design/berry_design.srcs/sources_1/bd/design_1/ipshared/6039/hdl/lib_srl_fifo_v1_0_rfs.vhd:1000]
INFO: [Synth 8-256] done synthesizing module 'axi_datamover_fifo__parameterized7' (63#1) [/local/cortesio/projekte/berry_design/berry_design.srcs/sources_1/bd/design_1/ipshared/43a6/hdl/axi_datamover_v5_1_vh_rfs.vhd:1881]
INFO: [Synth 8-638] synthesizing module 'axi_datamover_s2mm_scatter' [/local/cortesio/projekte/berry_design/berry_design.srcs/sources_1/bd/design_1/ipshared/43a6/hdl/axi_datamover_v5_1_vh_rfs.vhd:45105]
INFO: [Synth 8-638] synthesizing module 'axi_datamover_mssai_skid_buf' [/local/cortesio/projekte/berry_design/berry_design.srcs/sources_1/bd/design_1/ipshared/43a6/hdl/axi_datamover_v5_1_vh_rfs.vhd:44155]
INFO: [Synth 8-638] synthesizing module 'axi_datamover_ms_strb_set' [/local/cortesio/projekte/berry_design/berry_design.srcs/sources_1/bd/design_1/ipshared/43a6/hdl/axi_datamover_v5_1_vh_rfs.vhd:42595]
INFO: [Synth 8-256] done synthesizing module 'axi_datamover_ms_strb_set' (64#1) [/local/cortesio/projekte/berry_design/berry_design.srcs/sources_1/bd/design_1/ipshared/43a6/hdl/axi_datamover_v5_1_vh_rfs.vhd:42595]
INFO: [Synth 8-256] done synthesizing module 'axi_datamover_mssai_skid_buf' (65#1) [/local/cortesio/projekte/berry_design/berry_design.srcs/sources_1/bd/design_1/ipshared/43a6/hdl/axi_datamover_v5_1_vh_rfs.vhd:44155]
INFO: [Synth 8-638] synthesizing module 'axi_datamover_slice' [/local/cortesio/projekte/berry_design/berry_design.srcs/sources_1/bd/design_1/ipshared/43a6/hdl/axi_datamover_v5_1_vh_rfs.vhd:44844]
INFO: [Synth 8-256] done synthesizing module 'axi_datamover_slice' (66#1) [/local/cortesio/projekte/berry_design/berry_design.srcs/sources_1/bd/design_1/ipshared/43a6/hdl/axi_datamover_v5_1_vh_rfs.vhd:44844]
INFO: [Synth 8-638] synthesizing module 'axi_datamover_fifo__parameterized8' [/local/cortesio/projekte/berry_design/berry_design.srcs/sources_1/bd/design_1/ipshared/43a6/hdl/axi_datamover_v5_1_vh_rfs.vhd:1881]
INFO: [Synth 8-638] synthesizing module 'srl_fifo_f__parameterized5' [/local/cortesio/projekte/berry_design/berry_design.srcs/sources_1/bd/design_1/ipshared/6039/hdl/lib_srl_fifo_v1_0_rfs.vhd:1000]
INFO: [Synth 8-638] synthesizing module 'srl_fifo_rbu_f__parameterized5' [/local/cortesio/projekte/berry_design/berry_design.srcs/sources_1/bd/design_1/ipshared/6039/hdl/lib_srl_fifo_v1_0_rfs.vhd:697]
INFO: [Synth 8-638] synthesizing module 'cntr_incr_decr_addn_f__parameterized1' [/local/cortesio/projekte/berry_design/berry_design.srcs/sources_1/bd/design_1/ipshared/6039/hdl/lib_srl_fifo_v1_0_rfs.vhd:143]
INFO: [Synth 8-256] done synthesizing module 'cntr_incr_decr_addn_f__parameterized1' (66#1) [/local/cortesio/projekte/berry_design/berry_design.srcs/sources_1/bd/design_1/ipshared/6039/hdl/lib_srl_fifo_v1_0_rfs.vhd:143]
INFO: [Synth 8-638] synthesizing module 'dynshreg_f__parameterized5' [/local/cortesio/projekte/berry_design/berry_design.srcs/sources_1/bd/design_1/ipshared/6039/hdl/lib_srl_fifo_v1_0_rfs.vhd:397]
INFO: [Synth 8-256] done synthesizing module 'dynshreg_f__parameterized5' (66#1) [/local/cortesio/projekte/berry_design/berry_design.srcs/sources_1/bd/design_1/ipshared/6039/hdl/lib_srl_fifo_v1_0_rfs.vhd:397]
INFO: [Synth 8-256] done synthesizing module 'srl_fifo_rbu_f__parameterized5' (66#1) [/local/cortesio/projekte/berry_design/berry_design.srcs/sources_1/bd/design_1/ipshared/6039/hdl/lib_srl_fifo_v1_0_rfs.vhd:697]
INFO: [Synth 8-256] done synthesizing module 'srl_fifo_f__parameterized5' (66#1) [/local/cortesio/projekte/berry_design/berry_design.srcs/sources_1/bd/design_1/ipshared/6039/hdl/lib_srl_fifo_v1_0_rfs.vhd:1000]
INFO: [Synth 8-256] done synthesizing module 'axi_datamover_fifo__parameterized8' (66#1) [/local/cortesio/projekte/berry_design/berry_design.srcs/sources_1/bd/design_1/ipshared/43a6/hdl/axi_datamover_v5_1_vh_rfs.vhd:1881]
INFO: [Synth 8-256] done synthesizing module 'axi_datamover_s2mm_scatter' (67#1) [/local/cortesio/projekte/berry_design/berry_design.srcs/sources_1/bd/design_1/ipshared/43a6/hdl/axi_datamover_v5_1_vh_rfs.vhd:45105]
INFO: [Synth 8-256] done synthesizing module 'axi_datamover_s2mm_realign' (68#1) [/local/cortesio/projekte/berry_design/berry_design.srcs/sources_1/bd/design_1/ipshared/43a6/hdl/axi_datamover_v5_1_vh_rfs.vhd:46998]
INFO: [Synth 8-638] synthesizing module 'axi_datamover_indet_btt' [/local/cortesio/projekte/berry_design/berry_design.srcs/sources_1/bd/design_1/ipshared/43a6/hdl/axi_datamover_v5_1_vh_rfs.vhd:28422]
INFO: [Synth 8-638] synthesizing module 'axi_datamover_stbs_set_nodre' [/local/cortesio/projekte/berry_design/berry_design.srcs/sources_1/bd/design_1/ipshared/43a6/hdl/axi_datamover_v5_1_vh_rfs.vhd:24201]
INFO: [Synth 8-256] done synthesizing module 'axi_datamover_stbs_set_nodre' (69#1) [/local/cortesio/projekte/berry_design/berry_design.srcs/sources_1/bd/design_1/ipshared/43a6/hdl/axi_datamover_v5_1_vh_rfs.vhd:24201]
INFO: [Synth 8-638] synthesizing module 'axi_datamover_sfifo_autord__parameterized0' [/local/cortesio/projekte/berry_design/berry_design.srcs/sources_1/bd/design_1/ipshared/43a6/hdl/axi_datamover_v5_1_vh_rfs.vhd:1294]
INFO: [Synth 8-638] synthesizing module 'sync_fifo_fg__parameterized0' [/local/cortesio/projekte/berry_design/berry_design.srcs/sources_1/bd/design_1/ipshared/c387/hdl/lib_fifo_v1_0_rfs.vhd:2097]
INFO: [Synth 8-256] done synthesizing module 'sync_fifo_fg__parameterized0' (70#1) [/local/cortesio/projekte/berry_design/berry_design.srcs/sources_1/bd/design_1/ipshared/c387/hdl/lib_fifo_v1_0_rfs.vhd:2097]
INFO: [Synth 8-256] done synthesizing module 'axi_datamover_sfifo_autord__parameterized0' (70#1) [/local/cortesio/projekte/berry_design/berry_design.srcs/sources_1/bd/design_1/ipshared/43a6/hdl/axi_datamover_v5_1_vh_rfs.vhd:1294]
INFO: [Synth 8-638] synthesizing module 'axi_datamover_sfifo_autord__parameterized1' [/local/cortesio/projekte/berry_design/berry_design.srcs/sources_1/bd/design_1/ipshared/43a6/hdl/axi_datamover_v5_1_vh_rfs.vhd:1294]
INFO: [Synth 8-638] synthesizing module 'sync_fifo_fg__parameterized1' [/local/cortesio/projekte/berry_design/berry_design.srcs/sources_1/bd/design_1/ipshared/c387/hdl/lib_fifo_v1_0_rfs.vhd:2097]
INFO: [Synth 8-256] done synthesizing module 'sync_fifo_fg__parameterized1' (70#1) [/local/cortesio/projekte/berry_design/berry_design.srcs/sources_1/bd/design_1/ipshared/c387/hdl/lib_fifo_v1_0_rfs.vhd:2097]
INFO: [Synth 8-256] done synthesizing module 'axi_datamover_sfifo_autord__parameterized1' (70#1) [/local/cortesio/projekte/berry_design/berry_design.srcs/sources_1/bd/design_1/ipshared/43a6/hdl/axi_datamover_v5_1_vh_rfs.vhd:1294]
INFO: [Synth 8-638] synthesizing module 'axi_datamover_skid_buf__parameterized0' [/local/cortesio/projekte/berry_design/berry_design.srcs/sources_1/bd/design_1/ipshared/43a6/hdl/axi_datamover_v5_1_vh_rfs.vhd:19492]
INFO: [Synth 8-256] done synthesizing module 'axi_datamover_skid_buf__parameterized0' (70#1) [/local/cortesio/projekte/berry_design/berry_design.srcs/sources_1/bd/design_1/ipshared/43a6/hdl/axi_datamover_v5_1_vh_rfs.vhd:19492]
INFO: [Synth 8-256] done synthesizing module 'axi_datamover_indet_btt' (71#1) [/local/cortesio/projekte/berry_design/berry_design.srcs/sources_1/bd/design_1/ipshared/43a6/hdl/axi_datamover_v5_1_vh_rfs.vhd:28422]
INFO: [Synth 8-638] synthesizing module 'axi_datamover_addr_cntl__parameterized0' [/local/cortesio/projekte/berry_design/berry_design.srcs/sources_1/bd/design_1/ipshared/43a6/hdl/axi_datamover_v5_1_vh_rfs.vhd:9995]
INFO: [Synth 8-256] done synthesizing module 'axi_datamover_addr_cntl__parameterized0' (71#1) [/local/cortesio/projekte/berry_design/berry_design.srcs/sources_1/bd/design_1/ipshared/43a6/hdl/axi_datamover_v5_1_vh_rfs.vhd:9995]
INFO: [Synth 8-638] synthesizing module 'axi_datamover_wrdata_cntl' [/local/cortesio/projekte/berry_design/berry_design.srcs/sources_1/bd/design_1/ipshared/43a6/hdl/axi_datamover_v5_1_vh_rfs.vhd:15669]
INFO: [Synth 8-638] synthesizing module 'axi_datamover_fifo__parameterized9' [/local/cortesio/projekte/berry_design/berry_design.srcs/sources_1/bd/design_1/ipshared/43a6/hdl/axi_datamover_v5_1_vh_rfs.vhd:1881]
INFO: [Synth 8-638] synthesizing module 'srl_fifo_f__parameterized6' [/local/cortesio/projekte/berry_design/berry_design.srcs/sources_1/bd/design_1/ipshared/6039/hdl/lib_srl_fifo_v1_0_rfs.vhd:1000]
INFO: [Synth 8-638] synthesizing module 'srl_fifo_rbu_f__parameterized6' [/local/cortesio/projekte/berry_design/berry_design.srcs/sources_1/bd/design_1/ipshared/6039/hdl/lib_srl_fifo_v1_0_rfs.vhd:697]
INFO: [Synth 8-638] synthesizing module 'dynshreg_f__parameterized6' [/local/cortesio/projekte/berry_design/berry_design.srcs/sources_1/bd/design_1/ipshared/6039/hdl/lib_srl_fifo_v1_0_rfs.vhd:397]
INFO: [Synth 8-256] done synthesizing module 'dynshreg_f__parameterized6' (71#1) [/local/cortesio/projekte/berry_design/berry_design.srcs/sources_1/bd/design_1/ipshared/6039/hdl/lib_srl_fifo_v1_0_rfs.vhd:397]
INFO: [Synth 8-256] done synthesizing module 'srl_fifo_rbu_f__parameterized6' (71#1) [/local/cortesio/projekte/berry_design/berry_design.srcs/sources_1/bd/design_1/ipshared/6039/hdl/lib_srl_fifo_v1_0_rfs.vhd:697]
INFO: [Synth 8-256] done synthesizing module 'srl_fifo_f__parameterized6' (71#1) [/local/cortesio/projekte/berry_design/berry_design.srcs/sources_1/bd/design_1/ipshared/6039/hdl/lib_srl_fifo_v1_0_rfs.vhd:1000]
INFO: [Synth 8-256] done synthesizing module 'axi_datamover_fifo__parameterized9' (71#1) [/local/cortesio/projekte/berry_design/berry_design.srcs/sources_1/bd/design_1/ipshared/43a6/hdl/axi_datamover_v5_1_vh_rfs.vhd:1881]
INFO: [Synth 8-256] done synthesizing module 'axi_datamover_wrdata_cntl' (72#1) [/local/cortesio/projekte/berry_design/berry_design.srcs/sources_1/bd/design_1/ipshared/43a6/hdl/axi_datamover_v5_1_vh_rfs.vhd:15669]
INFO: [Synth 8-638] synthesizing module 'axi_datamover_skid2mm_buf' [/local/cortesio/projekte/berry_design/berry_design.srcs/sources_1/bd/design_1/ipshared/43a6/hdl/axi_datamover_v5_1_vh_rfs.vhd:18990]
INFO: [Synth 8-638] synthesizing module 'axi_datamover_wr_demux' [/local/cortesio/projekte/berry_design/berry_design.srcs/sources_1/bd/design_1/ipshared/43a6/hdl/axi_datamover_v5_1_vh_rfs.vhd:14112]
INFO: [Synth 8-256] done synthesizing module 'axi_datamover_wr_demux' (73#1) [/local/cortesio/projekte/berry_design/berry_design.srcs/sources_1/bd/design_1/ipshared/43a6/hdl/axi_datamover_v5_1_vh_rfs.vhd:14112]
INFO: [Synth 8-256] done synthesizing module 'axi_datamover_skid2mm_buf' (74#1) [/local/cortesio/projekte/berry_design/berry_design.srcs/sources_1/bd/design_1/ipshared/43a6/hdl/axi_datamover_v5_1_vh_rfs.vhd:18990]
INFO: [Synth 8-256] done synthesizing module 'axi_datamover_s2mm_full_wrap' (75#1) [/local/cortesio/projekte/berry_design/berry_design.srcs/sources_1/bd/design_1/ipshared/43a6/hdl/axi_datamover_v5_1_vh_rfs.vhd:49982]
INFO: [Synth 8-256] done synthesizing module 'axi_datamover' (76#1) [/local/cortesio/projekte/berry_design/berry_design.srcs/sources_1/bd/design_1/ipshared/43a6/hdl/axi_datamover_v5_1_vh_rfs.vhd:55410]
INFO: [Synth 8-256] done synthesizing module 'axi_dma' (77#1) [/local/cortesio/projekte/berry_design/berry_design.srcs/sources_1/bd/design_1/ipshared/bb0b/hdl/axi_dma_v7_1_vh_rfs.vhd:21830]
INFO: [Synth 8-256] done synthesizing module 'design_1_axi_dma_0_0' (78#1) [/local/cortesio/projekte/berry_design/berry_design.srcs/sources_1/bd/design_1/ip/design_1_axi_dma_0_0/synth/design_1_axi_dma_0_0.vhd:128]
Finished RTL Elaboration : Time (s): cpu = 00:04:54 ; elapsed = 00:05:01 . Memory (MB): peak = 1607.551 ; gain = 356.914 ; free physical = 10011 ; free virtual = 299531
Finished RTL Optimization Phase 1 : Time (s): cpu = 00:04:54 ; elapsed = 00:05:02 . Memory (MB): peak = 1607.551 ; gain = 356.914 ; free physical = 10034 ; free virtual = 299554
INFO: [Device 21-403] Loading part xc7z010clg225-1
Constraint Validation Runtime : Time (s): cpu = 00:00:00.30 ; elapsed = 00:00:00.12 . Memory (MB): peak = 1806.879 ; gain = 0.062 ; free physical = 9779 ; free virtual = 299299
Finished Constraint Validation : Time (s): cpu = 00:05:13 ; elapsed = 00:05:23 . Memory (MB): peak = 1806.879 ; gain = 556.242 ; free physical = 9886 ; free virtual = 299406
Finished Loading Part and Timing Information : Time (s): cpu = 00:05:13 ; elapsed = 00:05:23 . Memory (MB): peak = 1806.879 ; gain = 556.242 ; free physical = 9886 ; free virtual = 299406
Finished applying 'set_property' XDC Constraints : Time (s): cpu = 00:05:13 ; elapsed = 00:05:23 . Memory (MB): peak = 1806.879 ; gain = 556.242 ; free physical = 9885 ; free virtual = 299406
Finished RTL Optimization Phase 2 : Time (s): cpu = 00:05:17 ; elapsed = 00:05:29 . Memory (MB): peak = 1806.879 ; gain = 556.242 ; free physical = 9874 ; free virtual = 299394
Finished Cross Boundary and Area Optimization : Time (s): cpu = 00:05:27 ; elapsed = 00:05:40 . Memory (MB): peak = 1806.879 ; gain = 556.242 ; free physical = 9837 ; free virtual = 299358
---------------------------------------------------------------------------------
Start ROM, RAM, DSP and Shift Register Reporting
---------------------------------------------------------------------------------

Distributed RAM: Preliminary Mapping  Report (see note below)
+------------+---------------------------------------------------------------------------------------------------------------------------------------------------------------------------------------------------------------------------------------------------+----------------+----------------------+--------------+
|Module Name | RTL Object                                                                                                                                                                                                                                        | Inference      | Size (Depth x Width) | Primitives   | 
+------------+---------------------------------------------------------------------------------------------------------------------------------------------------------------------------------------------------------------------------------------------------+----------------+----------------------+--------------+
|U0          | I_PRMRY_DATAMOVER/GEN_S2MM_FULL.I_S2MM_FULL_WRAPPER/GEN_ENABLE_INDET_BTT_SF.I_INDET_BTT/I_XD_FIFO/NON_BLK_MEM.I_SYNC_FIFOGEN_FIFO/FAMILY_SUPPORTED.I_SYNC_FIFO_BRAM/inst_fifo_gen/gconvfifo.rf/grf.rf/gntv_or_sync_fifo.mem/gdm.dm_gen.dm/RAM_reg | User Attribute | 8 x 9                | RAM32M x 2   | 
+------------+---------------------------------------------------------------------------------------------------------------------------------------------------------------------------------------------------------------------------------------------------+----------------+----------------------+--------------+

Note: The table above is a preliminary report that shows the Distributed RAMs at the current stage of the synthesis flow. Some Distributed RAMs may be reimplemented as non Distributed RAM primitives later in the synthesis flow. Multiple instantiated RAMs are reported only once.
---------------------------------------------------------------------------------
Finished ROM, RAM, DSP and Shift Register Reporting
---------------------------------------------------------------------------------
Finished Applying XDC Timing Constraints : Time (s): cpu = 00:05:39 ; elapsed = 00:05:52 . Memory (MB): peak = 1806.879 ; gain = 556.242 ; free physical = 9721 ; free virtual = 299241
Finished Timing Optimization : Time (s): cpu = 00:05:48 ; elapsed = 00:06:03 . Memory (MB): peak = 1806.879 ; gain = 556.242 ; free physical = 9675 ; free virtual = 299195
Finished Technology Mapping : Time (s): cpu = 00:05:50 ; elapsed = 00:06:07 . Memory (MB): peak = 1807.453 ; gain = 556.816 ; free physical = 9670 ; free virtual = 299190
Finished IO Insertion : Time (s): cpu = 00:05:52 ; elapsed = 00:06:08 . Memory (MB): peak = 1807.453 ; gain = 556.816 ; free physical = 9672 ; free virtual = 299193
Finished Renaming Generated Instances : Time (s): cpu = 00:05:52 ; elapsed = 00:06:08 . Memory (MB): peak = 1807.453 ; gain = 556.816 ; free physical = 9672 ; free virtual = 299193
Finished Rebuilding User Hierarchy : Time (s): cpu = 00:05:53 ; elapsed = 00:06:09 . Memory (MB): peak = 1807.453 ; gain = 556.816 ; free physical = 9671 ; free virtual = 299191
Finished Renaming Generated Ports : Time (s): cpu = 00:05:53 ; elapsed = 00:06:09 . Memory (MB): peak = 1807.453 ; gain = 556.816 ; free physical = 9671 ; free virtual = 299192
Finished Handling Custom Attributes : Time (s): cpu = 00:05:53 ; elapsed = 00:06:09 . Memory (MB): peak = 1807.453 ; gain = 556.816 ; free physical = 9671 ; free virtual = 299192
Finished Renaming Generated Nets : Time (s): cpu = 00:05:53 ; elapsed = 00:06:09 . Memory (MB): peak = 1807.453 ; gain = 556.816 ; free physical = 9671 ; free virtual = 299192

Report Cell Usage: 
+------+---------+------+
|      |Cell     |Count |
+------+---------+------+
|1     |CARRY4   |    43|
|2     |LUT1     |    95|
|3     |LUT2     |   182|
|4     |LUT3     |   372|
|5     |LUT4     |   213|
|6     |LUT5     |   231|
|7     |LUT6     |   373|
|8     |MUXF7    |     7|
|9     |RAM32M   |     2|
|10    |RAMB36E1 |     2|
|11    |SRL16E   |   150|
|12    |FDR      |     8|
|13    |FDRE     |  1768|
|14    |FDSE     |    76|
+------+---------+------+
Finished Writing Synthesis Report : Time (s): cpu = 00:05:53 ; elapsed = 00:06:09 . Memory (MB): peak = 1807.453 ; gain = 556.816 ; free physical = 9671 ; free virtual = 299192
synth_design: Time (s): cpu = 00:05:58 ; elapsed = 00:06:15 . Memory (MB): peak = 1857.535 ; gain = 620.539 ; free physical = 9744 ; free virtual = 299264
