
*** Running vivado
    with args -log design_1_xlconstant_0_0.vds -m64 -product Vivado -mode batch -messageDb vivado.pb -notrace -source design_1_xlconstant_0_0.tcl


****** Vivado v2017.2 (64-bit)
  **** SW Build 1909853 on Thu Jun 15 18:39:10 MDT 2017
  **** IP Build 1909766 on Thu Jun 15 19:58:00 MDT 2017
    ** Copyright 1986-2017 Xilinx, Inc. All Rights Reserved.

source design_1_xlconstant_0_0.tcl -notrace
Starting RTL Elaboration : Time (s): cpu = 00:00:04 ; elapsed = 00:00:04 . Memory (MB): peak = 1316.551 ; gain = 69.938 ; free physical = 1189 ; free virtual = 315285
INFO: [Synth 8-638] synthesizing module 'design_1_xlconstant_0_0' [/local/cortesio/projekte/berry_design/berry_design.srcs/sources_1/bd/design_1/ip/design_1_xlconstant_0_0/synth/design_1_xlconstant_0_0.v:57]
INFO: [Synth 8-638] synthesizing module 'xlconstant_v1_1_3_xlconstant' [/local/cortesio/projekte/berry_design/berry_design.srcs/sources_1/bd/design_1/ipshared/45df/hdl/xlconstant_v1_1_vl_rfs.v:23]
INFO: [Synth 8-256] done synthesizing module 'xlconstant_v1_1_3_xlconstant' (1#1) [/local/cortesio/projekte/berry_design/berry_design.srcs/sources_1/bd/design_1/ipshared/45df/hdl/xlconstant_v1_1_vl_rfs.v:23]
INFO: [Synth 8-256] done synthesizing module 'design_1_xlconstant_0_0' (2#1) [/local/cortesio/projekte/berry_design/berry_design.srcs/sources_1/bd/design_1/ip/design_1_xlconstant_0_0/synth/design_1_xlconstant_0_0.v:57]
Finished RTL Elaboration : Time (s): cpu = 00:00:05 ; elapsed = 00:00:06 . Memory (MB): peak = 1357.059 ; gain = 110.445 ; free physical = 1116 ; free virtual = 315232
Finished RTL Optimization Phase 1 : Time (s): cpu = 00:00:05 ; elapsed = 00:00:06 . Memory (MB): peak = 1357.059 ; gain = 110.445 ; free physical = 1117 ; free virtual = 315219
INFO: [Device 21-403] Loading part xc7z010clg225-1
Constraint Validation Runtime : Time (s): cpu = 00:00:00.02 ; elapsed = 00:00:00.01 . Memory (MB): peak = 1630.973 ; gain = 0.062 ; free physical = 639 ; free virtual = 314277
Finished Constraint Validation : Time (s): cpu = 00:00:14 ; elapsed = 00:00:16 . Memory (MB): peak = 1630.973 ; gain = 384.359 ; free physical = 643 ; free virtual = 314222
Finished Loading Part and Timing Information : Time (s): cpu = 00:00:14 ; elapsed = 00:00:16 . Memory (MB): peak = 1630.973 ; gain = 384.359 ; free physical = 643 ; free virtual = 314222
Finished applying 'set_property' XDC Constraints : Time (s): cpu = 00:00:14 ; elapsed = 00:00:16 . Memory (MB): peak = 1630.973 ; gain = 384.359 ; free physical = 645 ; free virtual = 314223
Finished RTL Optimization Phase 2 : Time (s): cpu = 00:00:14 ; elapsed = 00:00:16 . Memory (MB): peak = 1630.973 ; gain = 384.359 ; free physical = 644 ; free virtual = 314224
Finished Cross Boundary and Area Optimization : Time (s): cpu = 00:00:14 ; elapsed = 00:00:16 . Memory (MB): peak = 1630.973 ; gain = 384.359 ; free physical = 633 ; free virtual = 314219
Finished Applying XDC Timing Constraints : Time (s): cpu = 00:00:21 ; elapsed = 00:00:23 . Memory (MB): peak = 1630.973 ; gain = 384.359 ; free physical = 638 ; free virtual = 313799
Finished Timing Optimization : Time (s): cpu = 00:00:21 ; elapsed = 00:00:23 . Memory (MB): peak = 1630.973 ; gain = 384.359 ; free physical = 638 ; free virtual = 313799
Finished Technology Mapping : Time (s): cpu = 00:00:21 ; elapsed = 00:00:23 . Memory (MB): peak = 1639.906 ; gain = 393.293 ; free physical = 636 ; free virtual = 313799
Finished IO Insertion : Time (s): cpu = 00:00:21 ; elapsed = 00:00:23 . Memory (MB): peak = 1639.906 ; gain = 393.293 ; free physical = 627 ; free virtual = 313792
Finished Renaming Generated Instances : Time (s): cpu = 00:00:21 ; elapsed = 00:00:23 . Memory (MB): peak = 1639.906 ; gain = 393.293 ; free physical = 627 ; free virtual = 313792
Finished Rebuilding User Hierarchy : Time (s): cpu = 00:00:21 ; elapsed = 00:00:23 . Memory (MB): peak = 1639.906 ; gain = 393.293 ; free physical = 627 ; free virtual = 313792
Finished Renaming Generated Ports : Time (s): cpu = 00:00:21 ; elapsed = 00:00:23 . Memory (MB): peak = 1639.906 ; gain = 393.293 ; free physical = 627 ; free virtual = 313792
Finished Handling Custom Attributes : Time (s): cpu = 00:00:21 ; elapsed = 00:00:23 . Memory (MB): peak = 1639.906 ; gain = 393.293 ; free physical = 627 ; free virtual = 313792
Finished Renaming Generated Nets : Time (s): cpu = 00:00:21 ; elapsed = 00:00:23 . Memory (MB): peak = 1639.906 ; gain = 393.293 ; free physical = 627 ; free virtual = 313792

Report Cell Usage: 
+-+-----+------+
| |Cell |Count |
+-+-----+------+
+-+-----+------+
Finished Writing Synthesis Report : Time (s): cpu = 00:00:21 ; elapsed = 00:00:23 . Memory (MB): peak = 1639.906 ; gain = 393.293 ; free physical = 626 ; free virtual = 313791
synth_design: Time (s): cpu = 00:00:23 ; elapsed = 00:00:25 . Memory (MB): peak = 1652.906 ; gain = 418.934 ; free physical = 679 ; free virtual = 313734
