
*** Running vivado
    with args -log design_1_axi_gpio_0_0.vds -m64 -product Vivado -mode batch -messageDb vivado.pb -notrace -source design_1_axi_gpio_0_0.tcl


****** Vivado v2017.2 (64-bit)
  **** SW Build 1909853 on Thu Jun 15 18:39:09 MDT 2017
  **** IP Build 1909766 on Thu Jun 15 19:58:00 MDT 2017
    ** Copyright 1986-2017 Xilinx, Inc. All Rights Reserved.

source design_1_axi_gpio_0_0.tcl -notrace
Starting RTL Elaboration : Time (s): cpu = 00:00:04 ; elapsed = 00:00:08 . Memory (MB): peak = 330.250 ; gain = 85.434
INFO: [Synth 8-638] synthesizing module 'design_1_axi_gpio_0_0' [d:/INIGO/AP_CONTEST/PROJECTS_VIVADO/berry_09_05_2018/berry_design/berry_design.srcs/sources_1/bd/design_1/ip/design_1_axi_gpio_0_0/synth/design_1_axi_gpio_0_0.vhd:84]
INFO: [Synth 8-638] synthesizing module 'axi_gpio' [d:/INIGO/AP_CONTEST/PROJECTS_VIVADO/berry_09_05_2018/berry_design/berry_design.srcs/sources_1/bd/design_1/ipshared/cb07/hdl/axi_gpio_v2_0_vh_rfs.vhd:1257]
INFO: [Synth 8-638] synthesizing module 'axi_lite_ipif' [d:/INIGO/AP_CONTEST/PROJECTS_VIVADO/berry_09_05_2018/berry_design/berry_design.srcs/sources_1/bd/design_1/ipshared/0ba0/hdl/axi_lite_ipif_v3_0_vh_rfs.vhd:2948]
INFO: [Synth 8-638] synthesizing module 'slave_attachment' [d:/INIGO/AP_CONTEST/PROJECTS_VIVADO/berry_09_05_2018/berry_design/berry_design.srcs/sources_1/bd/design_1/ipshared/0ba0/hdl/axi_lite_ipif_v3_0_vh_rfs.vhd:2341]
INFO: [Synth 8-638] synthesizing module 'address_decoder' [d:/INIGO/AP_CONTEST/PROJECTS_VIVADO/berry_09_05_2018/berry_design/berry_design.srcs/sources_1/bd/design_1/ipshared/0ba0/hdl/axi_lite_ipif_v3_0_vh_rfs.vhd:1775]
INFO: [Synth 8-638] synthesizing module 'pselect_f' [d:/INIGO/AP_CONTEST/PROJECTS_VIVADO/berry_09_05_2018/berry_design/berry_design.srcs/sources_1/bd/design_1/ipshared/0ba0/hdl/axi_lite_ipif_v3_0_vh_rfs.vhd:1534]
INFO: [Synth 8-256] done synthesizing module 'pselect_f' (1#1) [d:/INIGO/AP_CONTEST/PROJECTS_VIVADO/berry_09_05_2018/berry_design/berry_design.srcs/sources_1/bd/design_1/ipshared/0ba0/hdl/axi_lite_ipif_v3_0_vh_rfs.vhd:1534]
INFO: [Synth 8-638] synthesizing module 'pselect_f__parameterized0' [d:/INIGO/AP_CONTEST/PROJECTS_VIVADO/berry_09_05_2018/berry_design/berry_design.srcs/sources_1/bd/design_1/ipshared/0ba0/hdl/axi_lite_ipif_v3_0_vh_rfs.vhd:1534]
INFO: [Synth 8-256] done synthesizing module 'pselect_f__parameterized0' (1#1) [d:/INIGO/AP_CONTEST/PROJECTS_VIVADO/berry_09_05_2018/berry_design/berry_design.srcs/sources_1/bd/design_1/ipshared/0ba0/hdl/axi_lite_ipif_v3_0_vh_rfs.vhd:1534]
INFO: [Synth 8-638] synthesizing module 'pselect_f__parameterized1' [d:/INIGO/AP_CONTEST/PROJECTS_VIVADO/berry_09_05_2018/berry_design/berry_design.srcs/sources_1/bd/design_1/ipshared/0ba0/hdl/axi_lite_ipif_v3_0_vh_rfs.vhd:1534]
INFO: [Synth 8-256] done synthesizing module 'pselect_f__parameterized1' (1#1) [d:/INIGO/AP_CONTEST/PROJECTS_VIVADO/berry_09_05_2018/berry_design/berry_design.srcs/sources_1/bd/design_1/ipshared/0ba0/hdl/axi_lite_ipif_v3_0_vh_rfs.vhd:1534]
INFO: [Synth 8-638] synthesizing module 'pselect_f__parameterized2' [d:/INIGO/AP_CONTEST/PROJECTS_VIVADO/berry_09_05_2018/berry_design/berry_design.srcs/sources_1/bd/design_1/ipshared/0ba0/hdl/axi_lite_ipif_v3_0_vh_rfs.vhd:1534]
INFO: [Synth 8-256] done synthesizing module 'pselect_f__parameterized2' (1#1) [d:/INIGO/AP_CONTEST/PROJECTS_VIVADO/berry_09_05_2018/berry_design/berry_design.srcs/sources_1/bd/design_1/ipshared/0ba0/hdl/axi_lite_ipif_v3_0_vh_rfs.vhd:1534]
INFO: [Synth 8-256] done synthesizing module 'address_decoder' (2#1) [d:/INIGO/AP_CONTEST/PROJECTS_VIVADO/berry_09_05_2018/berry_design/berry_design.srcs/sources_1/bd/design_1/ipshared/0ba0/hdl/axi_lite_ipif_v3_0_vh_rfs.vhd:1775]
INFO: [Synth 8-256] done synthesizing module 'slave_attachment' (3#1) [d:/INIGO/AP_CONTEST/PROJECTS_VIVADO/berry_09_05_2018/berry_design/berry_design.srcs/sources_1/bd/design_1/ipshared/0ba0/hdl/axi_lite_ipif_v3_0_vh_rfs.vhd:2341]
INFO: [Synth 8-256] done synthesizing module 'axi_lite_ipif' (4#1) [d:/INIGO/AP_CONTEST/PROJECTS_VIVADO/berry_09_05_2018/berry_design/berry_design.srcs/sources_1/bd/design_1/ipshared/0ba0/hdl/axi_lite_ipif_v3_0_vh_rfs.vhd:2948]
INFO: [Synth 8-638] synthesizing module 'GPIO_Core' [d:/INIGO/AP_CONTEST/PROJECTS_VIVADO/berry_09_05_2018/berry_design/berry_design.srcs/sources_1/bd/design_1/ipshared/cb07/hdl/axi_gpio_v2_0_vh_rfs.vhd:177]
INFO: [Synth 8-638] synthesizing module 'cdc_sync' [d:/INIGO/AP_CONTEST/PROJECTS_VIVADO/berry_09_05_2018/berry_design/berry_design.srcs/sources_1/bd/design_1/ipshared/52cb/hdl/lib_cdc_v1_0_rfs.vhd:106]
INFO: [Synth 8-256] done synthesizing module 'cdc_sync' (5#1) [d:/INIGO/AP_CONTEST/PROJECTS_VIVADO/berry_09_05_2018/berry_design/berry_design.srcs/sources_1/bd/design_1/ipshared/52cb/hdl/lib_cdc_v1_0_rfs.vhd:106]
INFO: [Synth 8-256] done synthesizing module 'GPIO_Core' (6#1) [d:/INIGO/AP_CONTEST/PROJECTS_VIVADO/berry_09_05_2018/berry_design/berry_design.srcs/sources_1/bd/design_1/ipshared/cb07/hdl/axi_gpio_v2_0_vh_rfs.vhd:177]
INFO: [Synth 8-256] done synthesizing module 'axi_gpio' (7#1) [d:/INIGO/AP_CONTEST/PROJECTS_VIVADO/berry_09_05_2018/berry_design/berry_design.srcs/sources_1/bd/design_1/ipshared/cb07/hdl/axi_gpio_v2_0_vh_rfs.vhd:1257]
INFO: [Synth 8-256] done synthesizing module 'design_1_axi_gpio_0_0' (8#1) [d:/INIGO/AP_CONTEST/PROJECTS_VIVADO/berry_09_05_2018/berry_design/berry_design.srcs/sources_1/bd/design_1/ip/design_1_axi_gpio_0_0/synth/design_1_axi_gpio_0_0.vhd:84]
Finished RTL Elaboration : Time (s): cpu = 00:00:05 ; elapsed = 00:00:12 . Memory (MB): peak = 382.223 ; gain = 137.406
Finished RTL Optimization Phase 1 : Time (s): cpu = 00:00:05 ; elapsed = 00:00:14 . Memory (MB): peak = 382.223 ; gain = 137.406
INFO: [Device 21-403] Loading part xc7z010clg225-1
Constraint Validation Runtime : Time (s): cpu = 00:00:00 ; elapsed = 00:00:00.283 . Memory (MB): peak = 706.883 ; gain = 1.578
Finished Constraint Validation : Time (s): cpu = 00:00:17 ; elapsed = 00:00:38 . Memory (MB): peak = 706.883 ; gain = 462.066
Finished Loading Part and Timing Information : Time (s): cpu = 00:00:17 ; elapsed = 00:00:38 . Memory (MB): peak = 706.883 ; gain = 462.066
Finished applying 'set_property' XDC Constraints : Time (s): cpu = 00:00:17 ; elapsed = 00:00:38 . Memory (MB): peak = 706.883 ; gain = 462.066
Finished RTL Optimization Phase 2 : Time (s): cpu = 00:00:17 ; elapsed = 00:00:39 . Memory (MB): peak = 706.883 ; gain = 462.066
Finished Cross Boundary and Area Optimization : Time (s): cpu = 00:00:17 ; elapsed = 00:00:41 . Memory (MB): peak = 706.883 ; gain = 462.066
Finished Applying XDC Timing Constraints : Time (s): cpu = 00:00:31 ; elapsed = 00:00:55 . Memory (MB): peak = 706.883 ; gain = 462.066
Finished Timing Optimization : Time (s): cpu = 00:00:31 ; elapsed = 00:00:56 . Memory (MB): peak = 706.883 ; gain = 462.066
Finished Technology Mapping : Time (s): cpu = 00:00:31 ; elapsed = 00:00:56 . Memory (MB): peak = 715.816 ; gain = 471.000
Finished IO Insertion : Time (s): cpu = 00:00:32 ; elapsed = 00:00:56 . Memory (MB): peak = 715.816 ; gain = 471.000
Finished Renaming Generated Instances : Time (s): cpu = 00:00:32 ; elapsed = 00:00:56 . Memory (MB): peak = 715.816 ; gain = 471.000
Finished Rebuilding User Hierarchy : Time (s): cpu = 00:00:32 ; elapsed = 00:00:57 . Memory (MB): peak = 715.816 ; gain = 471.000
Finished Renaming Generated Ports : Time (s): cpu = 00:00:32 ; elapsed = 00:00:57 . Memory (MB): peak = 715.816 ; gain = 471.000
Finished Handling Custom Attributes : Time (s): cpu = 00:00:32 ; elapsed = 00:00:57 . Memory (MB): peak = 715.816 ; gain = 471.000
Finished Renaming Generated Nets : Time (s): cpu = 00:00:32 ; elapsed = 00:00:57 . Memory (MB): peak = 715.816 ; gain = 471.000

Report Cell Usage: 
+------+-----+------+
|      |Cell |Count |
+------+-----+------+
|1     |LUT1 |     2|
|2     |LUT2 |     5|
|3     |LUT3 |     4|
|4     |LUT4 |     7|
|5     |LUT5 |    11|
|6     |LUT6 |     6|
|7     |FDRE |    37|
|8     |FDSE |     4|
+------+-----+------+
Finished Writing Synthesis Report : Time (s): cpu = 00:00:32 ; elapsed = 00:00:57 . Memory (MB): peak = 715.816 ; gain = 471.000
synth_design: Time (s): cpu = 00:00:34 ; elapsed = 00:01:01 . Memory (MB): peak = 716.328 ; gain = 478.770
